<?xml version="1.0" encoding="UTF-8"?>
<testng-results ignored="0" total="1" passed="1" failed="0" skipped="0">
  <reporter-output>
  </reporter-output>
  <suite started-at="2024-08-06T17:45:42 IST" name="Suite" finished-at="2024-08-06T17:46:28 IST" duration-ms="46292">
    <groups>
    </groups>
    <test started-at="2024-08-06T17:45:42 IST" name="Test" finished-at="2024-08-06T17:46:28 IST" duration-ms="46292">
      <class name="Test001.F1">
        <test-method is-config="true" signature="setUp()[pri:0, instance:Test001.F1@3d74bf60]" started-at="2024-08-06T17:45:42 IST" name="setUp" finished-at="2024-08-06T17:45:44 IST" duration-ms="2126" status="PASS">
          <reporter-output>
          </reporter-output>
        </test-method> <!-- setUp -->
        <test-method signature="testThankYouMessage()[pri:0, instance:Test001.F1@3d74bf60]" started-at="2024-08-06T17:45:44 IST" name="testThankYouMessage" finished-at="2024-08-06T17:46:28 IST" duration-ms="43639" status="PASS">
          <reporter-output>
          </reporter-output>
        </test-method> <!-- testThankYouMessage -->
        <test-method is-config="true" signature="tearDown()[pri:0, instance:Test001.F1@3d74bf60]" started-at="2024-08-06T17:46:28 IST" name="tearDown" finished-at="2024-08-06T17:46:28 IST" duration-ms="493" status="PASS">
          <reporter-output>
          </reporter-output>
        </test-method> <!-- tearDown -->
      </class> <!-- Test001.F1 -->
    </test> <!-- Test -->
  </suite> <!-- Suite -->
</testng-results>
