<?xml version="1.0" encoding="UTF-8"?>
<testng-results ignored="0" total="1" passed="1" failed="0" skipped="0">
  <reporter-output>
  </reporter-output>
  <suite started-at="2024-08-06T17:43:00 IST" name="Suite" finished-at="2024-08-06T17:43:40 IST" duration-ms="40697">
    <groups>
    </groups>
    <test started-at="2024-08-06T17:43:00 IST" name="Test" finished-at="2024-08-06T17:43:40 IST" duration-ms="40697">
      <class name="Test001.F1">
        <test-method is-config="true" signature="setUp()[pri:0, instance:Test001.F1@12aba8be]" started-at="2024-08-06T17:43:00 IST" name="setUp" finished-at="2024-08-06T17:43:02 IST" duration-ms="2277" status="PASS">
          <reporter-output>
          </reporter-output>
        </test-method> <!-- setUp -->
        <test-method signature="testThankYouMessage()[pri:0, instance:Test001.F1@12aba8be]" started-at="2024-08-06T17:43:02 IST" name="testThankYouMessage" finished-at="2024-08-06T17:43:40 IST" duration-ms="37788" status="PASS">
          <reporter-output>
          </reporter-output>
        </test-method> <!-- testThankYouMessage -->
        <test-method is-config="true" signature="tearDown()[pri:0, instance:Test001.F1@12aba8be]" started-at="2024-08-06T17:43:40 IST" name="tearDown" finished-at="2024-08-06T17:43:40 IST" duration-ms="596" status="PASS">
          <reporter-output>
          </reporter-output>
        </test-method> <!-- tearDown -->
      </class> <!-- Test001.F1 -->
    </test> <!-- Test -->
  </suite> <!-- Suite -->
</testng-results>
